2017-09-30 13:27:05 Error: [ParseError] syntax error, unexpected '/' in D:\xampp\htdocs\warehouse\src\Template\Products\index.ctp on line 34
Request URL: /products
Referer URL: http://localhost/warehouse/products/add
Stack Trace:
#0 D:\xampp\htdocs\warehouse\vendor\cakephp\cakephp\src\View\View.php(1157): Cake\View\View->_evaluate('D:\\xampp\\htdocs...', Array)
#1 D:\xampp\htdocs\warehouse\vendor\cakephp\cakephp\src\View\View.php(765): Cake\View\View->_render('D:\\xampp\\htdocs...')
#2 D:\xampp\htdocs\warehouse\vendor\cakephp\cakephp\src\Controller\Controller.php(623): Cake\View\View->render(NULL, NULL)
#3 D:\xampp\htdocs\warehouse\vendor\cakephp\cakephp\src\Http\ActionDispatcher.php(125): Cake\Controller\Controller->render()
#4 D:\xampp\htdocs\warehouse\vendor\cakephp\cakephp\src\Http\ActionDispatcher.php(93): Cake\Http\ActionDispatcher->_invoke(Object(App\Controller\ProductsController))
#5 D:\xampp\htdocs\warehouse\vendor\cakephp\cakephp\src\Http\BaseApplication.php(103): Cake\Http\ActionDispatcher->dispatch(Object(Cake\Http\ServerRequest), Object(Cake\Http\Response))
#6 D:\xampp\htdocs\warehouse\vendor\cakephp\cakephp\src\Http\Runner.php(65): Cake\Http\BaseApplication->__invoke(Object(Cake\Http\ServerRequest), Object(Cake\Http\Response), Object(Cake\Http\Runner))
#7 D:\xampp\htdocs\warehouse\vendor\cakephp\cakephp\src\Routing\Middleware\RoutingMiddleware.php(107): Cake\Http\Runner->__invoke(Object(Cake\Http\ServerRequest), Object(Cake\Http\Response))
#8 D:\xampp\htdocs\warehouse\vendor\cakephp\cakephp\src\Http\Runner.php(65): Cake\Routing\Middleware\RoutingMiddleware->__invoke(Object(Cake\Http\ServerRequest), Object(Cake\Http\Response), Object(Cake\Http\Runner))
#9 D:\xampp\htdocs\warehouse\vendor\cakephp\cakephp\src\Routing\Middleware\AssetMiddleware.php(88): Cake\Http\Runner->__invoke(Object(Cake\Http\ServerRequest), Object(Cake\Http\Response))
#10 D:\xampp\htdocs\warehouse\vendor\cakephp\cakephp\src\Http\Runner.php(65): Cake\Routing\Middleware\AssetMiddleware->__invoke(Object(Cake\Http\ServerRequest), Object(Cake\Http\Response), Object(Cake\Http\Runner))
#11 D:\xampp\htdocs\warehouse\vendor\cakephp\cakephp\src\Error\Middleware\ErrorHandlerMiddleware.php(95): Cake\Http\Runner->__invoke(Object(Cake\Http\ServerRequest), Object(Cake\Http\Response))
#12 D:\xampp\htdocs\warehouse\vendor\cakephp\cakephp\src\Http\Runner.php(65): Cake\Error\Middleware\ErrorHandlerMiddleware->__invoke(Object(Cake\Http\ServerRequest), Object(Cake\Http\Response), Object(Cake\Http\Runner))
#13 D:\xampp\htdocs\warehouse\vendor\cakephp\debug_kit\src\Middleware\DebugKitMiddleware.php(52): Cake\Http\Runner->__invoke(Object(Cake\Http\ServerRequest), Object(Cake\Http\Response))
#14 D:\xampp\htdocs\warehouse\vendor\cakephp\cakephp\src\Http\Runner.php(65): DebugKit\Middleware\DebugKitMiddleware->__invoke(Object(Cake\Http\ServerRequest), Object(Cake\Http\Response), Object(Cake\Http\Runner))
#15 D:\xampp\htdocs\warehouse\vendor\cakephp\cakephp\src\Http\Runner.php(51): Cake\Http\Runner->__invoke(Object(Cake\Http\ServerRequest), Object(Cake\Http\Response))
#16 D:\xampp\htdocs\warehouse\vendor\cakephp\cakephp\src\Http\Server.php(81): Cake\Http\Runner->run(Object(Cake\Http\MiddlewareQueue), Object(Cake\Http\ServerRequest), Object(Cake\Http\Response))
#17 D:\xampp\htdocs\warehouse\webroot\index.php(40): Cake\Http\Server->run()
#18 {main}


2017-09-30 13:49:24 Error: [ParseError] syntax error, unexpected 'echo' (T_ECHO) in D:\xampp\htdocs\warehouse\src\Template\Products\index.ctp on line 11
Request URL: /products
Referer URL: http://localhost/warehouse/products/edit/1
Stack Trace:
#0 D:\xampp\htdocs\warehouse\vendor\cakephp\cakephp\src\View\View.php(1157): Cake\View\View->_evaluate('D:\\xampp\\htdocs...', Array)
#1 D:\xampp\htdocs\warehouse\vendor\cakephp\cakephp\src\View\View.php(765): Cake\View\View->_render('D:\\xampp\\htdocs...')
#2 D:\xampp\htdocs\warehouse\vendor\cakephp\cakephp\src\Controller\Controller.php(623): Cake\View\View->render(NULL, NULL)
#3 D:\xampp\htdocs\warehouse\vendor\cakephp\cakephp\src\Http\ActionDispatcher.php(125): Cake\Controller\Controller->render()
#4 D:\xampp\htdocs\warehouse\vendor\cakephp\cakephp\src\Http\ActionDispatcher.php(93): Cake\Http\ActionDispatcher->_invoke(Object(App\Controller\ProductsController))
#5 D:\xampp\htdocs\warehouse\vendor\cakephp\cakephp\src\Http\BaseApplication.php(103): Cake\Http\ActionDispatcher->dispatch(Object(Cake\Http\ServerRequest), Object(Cake\Http\Response))
#6 D:\xampp\htdocs\warehouse\vendor\cakephp\cakephp\src\Http\Runner.php(65): Cake\Http\BaseApplication->__invoke(Object(Cake\Http\ServerRequest), Object(Cake\Http\Response), Object(Cake\Http\Runner))
#7 D:\xampp\htdocs\warehouse\vendor\cakephp\cakephp\src\Routing\Middleware\RoutingMiddleware.php(107): Cake\Http\Runner->__invoke(Object(Cake\Http\ServerRequest), Object(Cake\Http\Response))
#8 D:\xampp\htdocs\warehouse\vendor\cakephp\cakephp\src\Http\Runner.php(65): Cake\Routing\Middleware\RoutingMiddleware->__invoke(Object(Cake\Http\ServerRequest), Object(Cake\Http\Response), Object(Cake\Http\Runner))
#9 D:\xampp\htdocs\warehouse\vendor\cakephp\cakephp\src\Routing\Middleware\AssetMiddleware.php(88): Cake\Http\Runner->__invoke(Object(Cake\Http\ServerRequest), Object(Cake\Http\Response))
#10 D:\xampp\htdocs\warehouse\vendor\cakephp\cakephp\src\Http\Runner.php(65): Cake\Routing\Middleware\AssetMiddleware->__invoke(Object(Cake\Http\ServerRequest), Object(Cake\Http\Response), Object(Cake\Http\Runner))
#11 D:\xampp\htdocs\warehouse\vendor\cakephp\cakephp\src\Error\Middleware\ErrorHandlerMiddleware.php(95): Cake\Http\Runner->__invoke(Object(Cake\Http\ServerRequest), Object(Cake\Http\Response))
#12 D:\xampp\htdocs\warehouse\vendor\cakephp\cakephp\src\Http\Runner.php(65): Cake\Error\Middleware\ErrorHandlerMiddleware->__invoke(Object(Cake\Http\ServerRequest), Object(Cake\Http\Response), Object(Cake\Http\Runner))
#13 D:\xampp\htdocs\warehouse\vendor\cakephp\debug_kit\src\Middleware\DebugKitMiddleware.php(52): Cake\Http\Runner->__invoke(Object(Cake\Http\ServerRequest), Object(Cake\Http\Response))
#14 D:\xampp\htdocs\warehouse\vendor\cakephp\cakephp\src\Http\Runner.php(65): DebugKit\Middleware\DebugKitMiddleware->__invoke(Object(Cake\Http\ServerRequest), Object(Cake\Http\Response), Object(Cake\Http\Runner))
#15 D:\xampp\htdocs\warehouse\vendor\cakephp\cakephp\src\Http\Runner.php(51): Cake\Http\Runner->__invoke(Object(Cake\Http\ServerRequest), Object(Cake\Http\Response))
#16 D:\xampp\htdocs\warehouse\vendor\cakephp\cakephp\src\Http\Server.php(81): Cake\Http\Runner->run(Object(Cake\Http\MiddlewareQueue), Object(Cake\Http\ServerRequest), Object(Cake\Http\Response))
#17 D:\xampp\htdocs\warehouse\webroot\index.php(40): Cake\Http\Server->run()
#18 {main}


2017-09-30 13:49:26 Error: [ParseError] syntax error, unexpected 'echo' (T_ECHO) in D:\xampp\htdocs\warehouse\src\Template\Products\index.ctp on line 11
Request URL: /products
Referer URL: http://localhost/warehouse/products/edit/1
Stack Trace:
#0 D:\xampp\htdocs\warehouse\vendor\cakephp\cakephp\src\View\View.php(1157): Cake\View\View->_evaluate('D:\\xampp\\htdocs...', Array)
#1 D:\xampp\htdocs\warehouse\vendor\cakephp\cakephp\src\View\View.php(765): Cake\View\View->_render('D:\\xampp\\htdocs...')
#2 D:\xampp\htdocs\warehouse\vendor\cakephp\cakephp\src\Controller\Controller.php(623): Cake\View\View->render(NULL, NULL)
#3 D:\xampp\htdocs\warehouse\vendor\cakephp\cakephp\src\Http\ActionDispatcher.php(125): Cake\Controller\Controller->render()
#4 D:\xampp\htdocs\warehouse\vendor\cakephp\cakephp\src\Http\ActionDispatcher.php(93): Cake\Http\ActionDispatcher->_invoke(Object(App\Controller\ProductsController))
#5 D:\xampp\htdocs\warehouse\vendor\cakephp\cakephp\src\Http\BaseApplication.php(103): Cake\Http\ActionDispatcher->dispatch(Object(Cake\Http\ServerRequest), Object(Cake\Http\Response))
#6 D:\xampp\htdocs\warehouse\vendor\cakephp\cakephp\src\Http\Runner.php(65): Cake\Http\BaseApplication->__invoke(Object(Cake\Http\ServerRequest), Object(Cake\Http\Response), Object(Cake\Http\Runner))
#7 D:\xampp\htdocs\warehouse\vendor\cakephp\cakephp\src\Routing\Middleware\RoutingMiddleware.php(107): Cake\Http\Runner->__invoke(Object(Cake\Http\ServerRequest), Object(Cake\Http\Response))
#8 D:\xampp\htdocs\warehouse\vendor\cakephp\cakephp\src\Http\Runner.php(65): Cake\Routing\Middleware\RoutingMiddleware->__invoke(Object(Cake\Http\ServerRequest), Object(Cake\Http\Response), Object(Cake\Http\Runner))
#9 D:\xampp\htdocs\warehouse\vendor\cakephp\cakephp\src\Routing\Middleware\AssetMiddleware.php(88): Cake\Http\Runner->__invoke(Object(Cake\Http\ServerRequest), Object(Cake\Http\Response))
#10 D:\xampp\htdocs\warehouse\vendor\cakephp\cakephp\src\Http\Runner.php(65): Cake\Routing\Middleware\AssetMiddleware->__invoke(Object(Cake\Http\ServerRequest), Object(Cake\Http\Response), Object(Cake\Http\Runner))
#11 D:\xampp\htdocs\warehouse\vendor\cakephp\cakephp\src\Error\Middleware\ErrorHandlerMiddleware.php(95): Cake\Http\Runner->__invoke(Object(Cake\Http\ServerRequest), Object(Cake\Http\Response))
#12 D:\xampp\htdocs\warehouse\vendor\cakephp\cakephp\src\Http\Runner.php(65): Cake\Error\Middleware\ErrorHandlerMiddleware->__invoke(Object(Cake\Http\ServerRequest), Object(Cake\Http\Response), Object(Cake\Http\Runner))
#13 D:\xampp\htdocs\warehouse\vendor\cakephp\debug_kit\src\Middleware\DebugKitMiddleware.php(52): Cake\Http\Runner->__invoke(Object(Cake\Http\ServerRequest), Object(Cake\Http\Response))
#14 D:\xampp\htdocs\warehouse\vendor\cakephp\cakephp\src\Http\Runner.php(65): DebugKit\Middleware\DebugKitMiddleware->__invoke(Object(Cake\Http\ServerRequest), Object(Cake\Http\Response), Object(Cake\Http\Runner))
#15 D:\xampp\htdocs\warehouse\vendor\cakephp\cakephp\src\Http\Runner.php(51): Cake\Http\Runner->__invoke(Object(Cake\Http\ServerRequest), Object(Cake\Http\Response))
#16 D:\xampp\htdocs\warehouse\vendor\cakephp\cakephp\src\Http\Server.php(81): Cake\Http\Runner->run(Object(Cake\Http\MiddlewareQueue), Object(Cake\Http\ServerRequest), Object(Cake\Http\Response))
#17 D:\xampp\htdocs\warehouse\webroot\index.php(40): Cake\Http\Server->run()
#18 {main}


2017-09-30 13:49:47 Error: [ParseError] syntax error, unexpected 'echo' (T_ECHO) in D:\xampp\htdocs\warehouse\src\Template\Products\index.ctp on line 11
Request URL: /products
Referer URL: http://localhost/warehouse/products/edit/1
Stack Trace:
#0 D:\xampp\htdocs\warehouse\vendor\cakephp\cakephp\src\View\View.php(1157): Cake\View\View->_evaluate('D:\\xampp\\htdocs...', Array)
#1 D:\xampp\htdocs\warehouse\vendor\cakephp\cakephp\src\View\View.php(765): Cake\View\View->_render('D:\\xampp\\htdocs...')
#2 D:\xampp\htdocs\warehouse\vendor\cakephp\cakephp\src\Controller\Controller.php(623): Cake\View\View->render(NULL, NULL)
#3 D:\xampp\htdocs\warehouse\vendor\cakephp\cakephp\src\Http\ActionDispatcher.php(125): Cake\Controller\Controller->render()
#4 D:\xampp\htdocs\warehouse\vendor\cakephp\cakephp\src\Http\ActionDispatcher.php(93): Cake\Http\ActionDispatcher->_invoke(Object(App\Controller\ProductsController))
#5 D:\xampp\htdocs\warehouse\vendor\cakephp\cakephp\src\Http\BaseApplication.php(103): Cake\Http\ActionDispatcher->dispatch(Object(Cake\Http\ServerRequest), Object(Cake\Http\Response))
#6 D:\xampp\htdocs\warehouse\vendor\cakephp\cakephp\src\Http\Runner.php(65): Cake\Http\BaseApplication->__invoke(Object(Cake\Http\ServerRequest), Object(Cake\Http\Response), Object(Cake\Http\Runner))
#7 D:\xampp\htdocs\warehouse\vendor\cakephp\cakephp\src\Routing\Middleware\RoutingMiddleware.php(107): Cake\Http\Runner->__invoke(Object(Cake\Http\ServerRequest), Object(Cake\Http\Response))
#8 D:\xampp\htdocs\warehouse\vendor\cakephp\cakephp\src\Http\Runner.php(65): Cake\Routing\Middleware\RoutingMiddleware->__invoke(Object(Cake\Http\ServerRequest), Object(Cake\Http\Response), Object(Cake\Http\Runner))
#9 D:\xampp\htdocs\warehouse\vendor\cakephp\cakephp\src\Routing\Middleware\AssetMiddleware.php(88): Cake\Http\Runner->__invoke(Object(Cake\Http\ServerRequest), Object(Cake\Http\Response))
#10 D:\xampp\htdocs\warehouse\vendor\cakephp\cakephp\src\Http\Runner.php(65): Cake\Routing\Middleware\AssetMiddleware->__invoke(Object(Cake\Http\ServerRequest), Object(Cake\Http\Response), Object(Cake\Http\Runner))
#11 D:\xampp\htdocs\warehouse\vendor\cakephp\cakephp\src\Error\Middleware\ErrorHandlerMiddleware.php(95): Cake\Http\Runner->__invoke(Object(Cake\Http\ServerRequest), Object(Cake\Http\Response))
#12 D:\xampp\htdocs\warehouse\vendor\cakephp\cakephp\src\Http\Runner.php(65): Cake\Error\Middleware\ErrorHandlerMiddleware->__invoke(Object(Cake\Http\ServerRequest), Object(Cake\Http\Response), Object(Cake\Http\Runner))
#13 D:\xampp\htdocs\warehouse\vendor\cakephp\debug_kit\src\Middleware\DebugKitMiddleware.php(52): Cake\Http\Runner->__invoke(Object(Cake\Http\ServerRequest), Object(Cake\Http\Response))
#14 D:\xampp\htdocs\warehouse\vendor\cakephp\cakephp\src\Http\Runner.php(65): DebugKit\Middleware\DebugKitMiddleware->__invoke(Object(Cake\Http\ServerRequest), Object(Cake\Http\Response), Object(Cake\Http\Runner))
#15 D:\xampp\htdocs\warehouse\vendor\cakephp\cakephp\src\Http\Runner.php(51): Cake\Http\Runner->__invoke(Object(Cake\Http\ServerRequest), Object(Cake\Http\Response))
#16 D:\xampp\htdocs\warehouse\vendor\cakephp\cakephp\src\Http\Server.php(81): Cake\Http\Runner->run(Object(Cake\Http\MiddlewareQueue), Object(Cake\Http\ServerRequest), Object(Cake\Http\Response))
#17 D:\xampp\htdocs\warehouse\webroot\index.php(40): Cake\Http\Server->run()
#18 {main}


2017-09-30 13:49:48 Error: [ParseError] syntax error, unexpected 'echo' (T_ECHO) in D:\xampp\htdocs\warehouse\src\Template\Products\index.ctp on line 11
Request URL: /products
Referer URL: http://localhost/warehouse/products/edit/1
Stack Trace:
#0 D:\xampp\htdocs\warehouse\vendor\cakephp\cakephp\src\View\View.php(1157): Cake\View\View->_evaluate('D:\\xampp\\htdocs...', Array)
#1 D:\xampp\htdocs\warehouse\vendor\cakephp\cakephp\src\View\View.php(765): Cake\View\View->_render('D:\\xampp\\htdocs...')
#2 D:\xampp\htdocs\warehouse\vendor\cakephp\cakephp\src\Controller\Controller.php(623): Cake\View\View->render(NULL, NULL)
#3 D:\xampp\htdocs\warehouse\vendor\cakephp\cakephp\src\Http\ActionDispatcher.php(125): Cake\Controller\Controller->render()
#4 D:\xampp\htdocs\warehouse\vendor\cakephp\cakephp\src\Http\ActionDispatcher.php(93): Cake\Http\ActionDispatcher->_invoke(Object(App\Controller\ProductsController))
#5 D:\xampp\htdocs\warehouse\vendor\cakephp\cakephp\src\Http\BaseApplication.php(103): Cake\Http\ActionDispatcher->dispatch(Object(Cake\Http\ServerRequest), Object(Cake\Http\Response))
#6 D:\xampp\htdocs\warehouse\vendor\cakephp\cakephp\src\Http\Runner.php(65): Cake\Http\BaseApplication->__invoke(Object(Cake\Http\ServerRequest), Object(Cake\Http\Response), Object(Cake\Http\Runner))
#7 D:\xampp\htdocs\warehouse\vendor\cakephp\cakephp\src\Routing\Middleware\RoutingMiddleware.php(107): Cake\Http\Runner->__invoke(Object(Cake\Http\ServerRequest), Object(Cake\Http\Response))
#8 D:\xampp\htdocs\warehouse\vendor\cakephp\cakephp\src\Http\Runner.php(65): Cake\Routing\Middleware\RoutingMiddleware->__invoke(Object(Cake\Http\ServerRequest), Object(Cake\Http\Response), Object(Cake\Http\Runner))
#9 D:\xampp\htdocs\warehouse\vendor\cakephp\cakephp\src\Routing\Middleware\AssetMiddleware.php(88): Cake\Http\Runner->__invoke(Object(Cake\Http\ServerRequest), Object(Cake\Http\Response))
#10 D:\xampp\htdocs\warehouse\vendor\cakephp\cakephp\src\Http\Runner.php(65): Cake\Routing\Middleware\AssetMiddleware->__invoke(Object(Cake\Http\ServerRequest), Object(Cake\Http\Response), Object(Cake\Http\Runner))
#11 D:\xampp\htdocs\warehouse\vendor\cakephp\cakephp\src\Error\Middleware\ErrorHandlerMiddleware.php(95): Cake\Http\Runner->__invoke(Object(Cake\Http\ServerRequest), Object(Cake\Http\Response))
#12 D:\xampp\htdocs\warehouse\vendor\cakephp\cakephp\src\Http\Runner.php(65): Cake\Error\Middleware\ErrorHandlerMiddleware->__invoke(Object(Cake\Http\ServerRequest), Object(Cake\Http\Response), Object(Cake\Http\Runner))
#13 D:\xampp\htdocs\warehouse\vendor\cakephp\debug_kit\src\Middleware\DebugKitMiddleware.php(52): Cake\Http\Runner->__invoke(Object(Cake\Http\ServerRequest), Object(Cake\Http\Response))
#14 D:\xampp\htdocs\warehouse\vendor\cakephp\cakephp\src\Http\Runner.php(65): DebugKit\Middleware\DebugKitMiddleware->__invoke(Object(Cake\Http\ServerRequest), Object(Cake\Http\Response), Object(Cake\Http\Runner))
#15 D:\xampp\htdocs\warehouse\vendor\cakephp\cakephp\src\Http\Runner.php(51): Cake\Http\Runner->__invoke(Object(Cake\Http\ServerRequest), Object(Cake\Http\Response))
#16 D:\xampp\htdocs\warehouse\vendor\cakephp\cakephp\src\Http\Server.php(81): Cake\Http\Runner->run(Object(Cake\Http\MiddlewareQueue), Object(Cake\Http\ServerRequest), Object(Cake\Http\Response))
#17 D:\xampp\htdocs\warehouse\webroot\index.php(40): Cake\Http\Server->run()
#18 {main}


2017-09-30 13:49:49 Error: [ParseError] syntax error, unexpected 'echo' (T_ECHO) in D:\xampp\htdocs\warehouse\src\Template\Products\index.ctp on line 11
Request URL: /products
Referer URL: http://localhost/warehouse/products/edit/1
Stack Trace:
#0 D:\xampp\htdocs\warehouse\vendor\cakephp\cakephp\src\View\View.php(1157): Cake\View\View->_evaluate('D:\\xampp\\htdocs...', Array)
#1 D:\xampp\htdocs\warehouse\vendor\cakephp\cakephp\src\View\View.php(765): Cake\View\View->_render('D:\\xampp\\htdocs...')
#2 D:\xampp\htdocs\warehouse\vendor\cakephp\cakephp\src\Controller\Controller.php(623): Cake\View\View->render(NULL, NULL)
#3 D:\xampp\htdocs\warehouse\vendor\cakephp\cakephp\src\Http\ActionDispatcher.php(125): Cake\Controller\Controller->render()
#4 D:\xampp\htdocs\warehouse\vendor\cakephp\cakephp\src\Http\ActionDispatcher.php(93): Cake\Http\ActionDispatcher->_invoke(Object(App\Controller\ProductsController))
#5 D:\xampp\htdocs\warehouse\vendor\cakephp\cakephp\src\Http\BaseApplication.php(103): Cake\Http\ActionDispatcher->dispatch(Object(Cake\Http\ServerRequest), Object(Cake\Http\Response))
#6 D:\xampp\htdocs\warehouse\vendor\cakephp\cakephp\src\Http\Runner.php(65): Cake\Http\BaseApplication->__invoke(Object(Cake\Http\ServerRequest), Object(Cake\Http\Response), Object(Cake\Http\Runner))
#7 D:\xampp\htdocs\warehouse\vendor\cakephp\cakephp\src\Routing\Middleware\RoutingMiddleware.php(107): Cake\Http\Runner->__invoke(Object(Cake\Http\ServerRequest), Object(Cake\Http\Response))
#8 D:\xampp\htdocs\warehouse\vendor\cakephp\cakephp\src\Http\Runner.php(65): Cake\Routing\Middleware\RoutingMiddleware->__invoke(Object(Cake\Http\ServerRequest), Object(Cake\Http\Response), Object(Cake\Http\Runner))
#9 D:\xampp\htdocs\warehouse\vendor\cakephp\cakephp\src\Routing\Middleware\AssetMiddleware.php(88): Cake\Http\Runner->__invoke(Object(Cake\Http\ServerRequest), Object(Cake\Http\Response))
#10 D:\xampp\htdocs\warehouse\vendor\cakephp\cakephp\src\Http\Runner.php(65): Cake\Routing\Middleware\AssetMiddleware->__invoke(Object(Cake\Http\ServerRequest), Object(Cake\Http\Response), Object(Cake\Http\Runner))
#11 D:\xampp\htdocs\warehouse\vendor\cakephp\cakephp\src\Error\Middleware\ErrorHandlerMiddleware.php(95): Cake\Http\Runner->__invoke(Object(Cake\Http\ServerRequest), Object(Cake\Http\Response))
#12 D:\xampp\htdocs\warehouse\vendor\cakephp\cakephp\src\Http\Runner.php(65): Cake\Error\Middleware\ErrorHandlerMiddleware->__invoke(Object(Cake\Http\ServerRequest), Object(Cake\Http\Response), Object(Cake\Http\Runner))
#13 D:\xampp\htdocs\warehouse\vendor\cakephp\debug_kit\src\Middleware\DebugKitMiddleware.php(52): Cake\Http\Runner->__invoke(Object(Cake\Http\ServerRequest), Object(Cake\Http\Response))
#14 D:\xampp\htdocs\warehouse\vendor\cakephp\cakephp\src\Http\Runner.php(65): DebugKit\Middleware\DebugKitMiddleware->__invoke(Object(Cake\Http\ServerRequest), Object(Cake\Http\Response), Object(Cake\Http\Runner))
#15 D:\xampp\htdocs\warehouse\vendor\cakephp\cakephp\src\Http\Runner.php(51): Cake\Http\Runner->__invoke(Object(Cake\Http\ServerRequest), Object(Cake\Http\Response))
#16 D:\xampp\htdocs\warehouse\vendor\cakephp\cakephp\src\Http\Server.php(81): Cake\Http\Runner->run(Object(Cake\Http\MiddlewareQueue), Object(Cake\Http\ServerRequest), Object(Cake\Http\Response))
#17 D:\xampp\htdocs\warehouse\webroot\index.php(40): Cake\Http\Server->run()
#18 {main}


2017-09-30 13:49:49 Error: [ParseError] syntax error, unexpected 'echo' (T_ECHO) in D:\xampp\htdocs\warehouse\src\Template\Products\index.ctp on line 11
Request URL: /products
Referer URL: http://localhost/warehouse/products/edit/1
Stack Trace:
#0 D:\xampp\htdocs\warehouse\vendor\cakephp\cakephp\src\View\View.php(1157): Cake\View\View->_evaluate('D:\\xampp\\htdocs...', Array)
#1 D:\xampp\htdocs\warehouse\vendor\cakephp\cakephp\src\View\View.php(765): Cake\View\View->_render('D:\\xampp\\htdocs...')
#2 D:\xampp\htdocs\warehouse\vendor\cakephp\cakephp\src\Controller\Controller.php(623): Cake\View\View->render(NULL, NULL)
#3 D:\xampp\htdocs\warehouse\vendor\cakephp\cakephp\src\Http\ActionDispatcher.php(125): Cake\Controller\Controller->render()
#4 D:\xampp\htdocs\warehouse\vendor\cakephp\cakephp\src\Http\ActionDispatcher.php(93): Cake\Http\ActionDispatcher->_invoke(Object(App\Controller\ProductsController))
#5 D:\xampp\htdocs\warehouse\vendor\cakephp\cakephp\src\Http\BaseApplication.php(103): Cake\Http\ActionDispatcher->dispatch(Object(Cake\Http\ServerRequest), Object(Cake\Http\Response))
#6 D:\xampp\htdocs\warehouse\vendor\cakephp\cakephp\src\Http\Runner.php(65): Cake\Http\BaseApplication->__invoke(Object(Cake\Http\ServerRequest), Object(Cake\Http\Response), Object(Cake\Http\Runner))
#7 D:\xampp\htdocs\warehouse\vendor\cakephp\cakephp\src\Routing\Middleware\RoutingMiddleware.php(107): Cake\Http\Runner->__invoke(Object(Cake\Http\ServerRequest), Object(Cake\Http\Response))
#8 D:\xampp\htdocs\warehouse\vendor\cakephp\cakephp\src\Http\Runner.php(65): Cake\Routing\Middleware\RoutingMiddleware->__invoke(Object(Cake\Http\ServerRequest), Object(Cake\Http\Response), Object(Cake\Http\Runner))
#9 D:\xampp\htdocs\warehouse\vendor\cakephp\cakephp\src\Routing\Middleware\AssetMiddleware.php(88): Cake\Http\Runner->__invoke(Object(Cake\Http\ServerRequest), Object(Cake\Http\Response))
#10 D:\xampp\htdocs\warehouse\vendor\cakephp\cakephp\src\Http\Runner.php(65): Cake\Routing\Middleware\AssetMiddleware->__invoke(Object(Cake\Http\ServerRequest), Object(Cake\Http\Response), Object(Cake\Http\Runner))
#11 D:\xampp\htdocs\warehouse\vendor\cakephp\cakephp\src\Error\Middleware\ErrorHandlerMiddleware.php(95): Cake\Http\Runner->__invoke(Object(Cake\Http\ServerRequest), Object(Cake\Http\Response))
#12 D:\xampp\htdocs\warehouse\vendor\cakephp\cakephp\src\Http\Runner.php(65): Cake\Error\Middleware\ErrorHandlerMiddleware->__invoke(Object(Cake\Http\ServerRequest), Object(Cake\Http\Response), Object(Cake\Http\Runner))
#13 D:\xampp\htdocs\warehouse\vendor\cakephp\debug_kit\src\Middleware\DebugKitMiddleware.php(52): Cake\Http\Runner->__invoke(Object(Cake\Http\ServerRequest), Object(Cake\Http\Response))
#14 D:\xampp\htdocs\warehouse\vendor\cakephp\cakephp\src\Http\Runner.php(65): DebugKit\Middleware\DebugKitMiddleware->__invoke(Object(Cake\Http\ServerRequest), Object(Cake\Http\Response), Object(Cake\Http\Runner))
#15 D:\xampp\htdocs\warehouse\vendor\cakephp\cakephp\src\Http\Runner.php(51): Cake\Http\Runner->__invoke(Object(Cake\Http\ServerRequest), Object(Cake\Http\Response))
#16 D:\xampp\htdocs\warehouse\vendor\cakephp\cakephp\src\Http\Server.php(81): Cake\Http\Runner->run(Object(Cake\Http\MiddlewareQueue), Object(Cake\Http\ServerRequest), Object(Cake\Http\Response))
#17 D:\xampp\htdocs\warehouse\webroot\index.php(40): Cake\Http\Server->run()
#18 {main}


2017-09-30 13:53:05 Error: [Error] Call to a member function input() on null in D:\xampp\htdocs\warehouse\src\Template\Products\index.ctp on line 11
Request URL: /products
Referer URL: http://localhost/warehouse/products/edit/1
Stack Trace:
#0 D:\xampp\htdocs\warehouse\vendor\cakephp\cakephp\src\View\View.php(1196): include()
#1 D:\xampp\htdocs\warehouse\vendor\cakephp\cakephp\src\View\View.php(1157): Cake\View\View->_evaluate('D:\\xampp\\htdocs...', Array)
#2 D:\xampp\htdocs\warehouse\vendor\cakephp\cakephp\src\View\View.php(765): Cake\View\View->_render('D:\\xampp\\htdocs...')
#3 D:\xampp\htdocs\warehouse\vendor\cakephp\cakephp\src\Controller\Controller.php(623): Cake\View\View->render(NULL, NULL)
#4 D:\xampp\htdocs\warehouse\vendor\cakephp\cakephp\src\Http\ActionDispatcher.php(125): Cake\Controller\Controller->render()
#5 D:\xampp\htdocs\warehouse\vendor\cakephp\cakephp\src\Http\ActionDispatcher.php(93): Cake\Http\ActionDispatcher->_invoke(Object(App\Controller\ProductsController))
#6 D:\xampp\htdocs\warehouse\vendor\cakephp\cakephp\src\Http\BaseApplication.php(103): Cake\Http\ActionDispatcher->dispatch(Object(Cake\Http\ServerRequest), Object(Cake\Http\Response))
#7 D:\xampp\htdocs\warehouse\vendor\cakephp\cakephp\src\Http\Runner.php(65): Cake\Http\BaseApplication->__invoke(Object(Cake\Http\ServerRequest), Object(Cake\Http\Response), Object(Cake\Http\Runner))
#8 D:\xampp\htdocs\warehouse\vendor\cakephp\cakephp\src\Routing\Middleware\RoutingMiddleware.php(107): Cake\Http\Runner->__invoke(Object(Cake\Http\ServerRequest), Object(Cake\Http\Response))
#9 D:\xampp\htdocs\warehouse\vendor\cakephp\cakephp\src\Http\Runner.php(65): Cake\Routing\Middleware\RoutingMiddleware->__invoke(Object(Cake\Http\ServerRequest), Object(Cake\Http\Response), Object(Cake\Http\Runner))
#10 D:\xampp\htdocs\warehouse\vendor\cakephp\cakephp\src\Routing\Middleware\AssetMiddleware.php(88): Cake\Http\Runner->__invoke(Object(Cake\Http\ServerRequest), Object(Cake\Http\Response))
#11 D:\xampp\htdocs\warehouse\vendor\cakephp\cakephp\src\Http\Runner.php(65): Cake\Routing\Middleware\AssetMiddleware->__invoke(Object(Cake\Http\ServerRequest), Object(Cake\Http\Response), Object(Cake\Http\Runner))
#12 D:\xampp\htdocs\warehouse\vendor\cakephp\cakephp\src\Error\Middleware\ErrorHandlerMiddleware.php(95): Cake\Http\Runner->__invoke(Object(Cake\Http\ServerRequest), Object(Cake\Http\Response))
#13 D:\xampp\htdocs\warehouse\vendor\cakephp\cakephp\src\Http\Runner.php(65): Cake\Error\Middleware\ErrorHandlerMiddleware->__invoke(Object(Cake\Http\ServerRequest), Object(Cake\Http\Response), Object(Cake\Http\Runner))
#14 D:\xampp\htdocs\warehouse\vendor\cakephp\debug_kit\src\Middleware\DebugKitMiddleware.php(52): Cake\Http\Runner->__invoke(Object(Cake\Http\ServerRequest), Object(Cake\Http\Response))
#15 D:\xampp\htdocs\warehouse\vendor\cakephp\cakephp\src\Http\Runner.php(65): DebugKit\Middleware\DebugKitMiddleware->__invoke(Object(Cake\Http\ServerRequest), Object(Cake\Http\Response), Object(Cake\Http\Runner))
#16 D:\xampp\htdocs\warehouse\vendor\cakephp\cakephp\src\Http\Runner.php(51): Cake\Http\Runner->__invoke(Object(Cake\Http\ServerRequest), Object(Cake\Http\Response))
#17 D:\xampp\htdocs\warehouse\vendor\cakephp\cakephp\src\Http\Server.php(81): Cake\Http\Runner->run(Object(Cake\Http\MiddlewareQueue), Object(Cake\Http\ServerRequest), Object(Cake\Http\Response))
#18 D:\xampp\htdocs\warehouse\webroot\index.php(40): Cake\Http\Server->run()
#19 {main}


2017-09-30 13:53:06 Error: [Error] Call to a member function input() on null in D:\xampp\htdocs\warehouse\src\Template\Products\index.ctp on line 11
Request URL: /products
Referer URL: http://localhost/warehouse/products/edit/1
Stack Trace:
#0 D:\xampp\htdocs\warehouse\vendor\cakephp\cakephp\src\View\View.php(1196): include()
#1 D:\xampp\htdocs\warehouse\vendor\cakephp\cakephp\src\View\View.php(1157): Cake\View\View->_evaluate('D:\\xampp\\htdocs...', Array)
#2 D:\xampp\htdocs\warehouse\vendor\cakephp\cakephp\src\View\View.php(765): Cake\View\View->_render('D:\\xampp\\htdocs...')
#3 D:\xampp\htdocs\warehouse\vendor\cakephp\cakephp\src\Controller\Controller.php(623): Cake\View\View->render(NULL, NULL)
#4 D:\xampp\htdocs\warehouse\vendor\cakephp\cakephp\src\Http\ActionDispatcher.php(125): Cake\Controller\Controller->render()
#5 D:\xampp\htdocs\warehouse\vendor\cakephp\cakephp\src\Http\ActionDispatcher.php(93): Cake\Http\ActionDispatcher->_invoke(Object(App\Controller\ProductsController))
#6 D:\xampp\htdocs\warehouse\vendor\cakephp\cakephp\src\Http\BaseApplication.php(103): Cake\Http\ActionDispatcher->dispatch(Object(Cake\Http\ServerRequest), Object(Cake\Http\Response))
#7 D:\xampp\htdocs\warehouse\vendor\cakephp\cakephp\src\Http\Runner.php(65): Cake\Http\BaseApplication->__invoke(Object(Cake\Http\ServerRequest), Object(Cake\Http\Response), Object(Cake\Http\Runner))
#8 D:\xampp\htdocs\warehouse\vendor\cakephp\cakephp\src\Routing\Middleware\RoutingMiddleware.php(107): Cake\Http\Runner->__invoke(Object(Cake\Http\ServerRequest), Object(Cake\Http\Response))
#9 D:\xampp\htdocs\warehouse\vendor\cakephp\cakephp\src\Http\Runner.php(65): Cake\Routing\Middleware\RoutingMiddleware->__invoke(Object(Cake\Http\ServerRequest), Object(Cake\Http\Response), Object(Cake\Http\Runner))
#10 D:\xampp\htdocs\warehouse\vendor\cakephp\cakephp\src\Routing\Middleware\AssetMiddleware.php(88): Cake\Http\Runner->__invoke(Object(Cake\Http\ServerRequest), Object(Cake\Http\Response))
#11 D:\xampp\htdocs\warehouse\vendor\cakephp\cakephp\src\Http\Runner.php(65): Cake\Routing\Middleware\AssetMiddleware->__invoke(Object(Cake\Http\ServerRequest), Object(Cake\Http\Response), Object(Cake\Http\Runner))
#12 D:\xampp\htdocs\warehouse\vendor\cakephp\cakephp\src\Error\Middleware\ErrorHandlerMiddleware.php(95): Cake\Http\Runner->__invoke(Object(Cake\Http\ServerRequest), Object(Cake\Http\Response))
#13 D:\xampp\htdocs\warehouse\vendor\cakephp\cakephp\src\Http\Runner.php(65): Cake\Error\Middleware\ErrorHandlerMiddleware->__invoke(Object(Cake\Http\ServerRequest), Object(Cake\Http\Response), Object(Cake\Http\Runner))
#14 D:\xampp\htdocs\warehouse\vendor\cakephp\debug_kit\src\Middleware\DebugKitMiddleware.php(52): Cake\Http\Runner->__invoke(Object(Cake\Http\ServerRequest), Object(Cake\Http\Response))
#15 D:\xampp\htdocs\warehouse\vendor\cakephp\cakephp\src\Http\Runner.php(65): DebugKit\Middleware\DebugKitMiddleware->__invoke(Object(Cake\Http\ServerRequest), Object(Cake\Http\Response), Object(Cake\Http\Runner))
#16 D:\xampp\htdocs\warehouse\vendor\cakephp\cakephp\src\Http\Runner.php(51): Cake\Http\Runner->__invoke(Object(Cake\Http\ServerRequest), Object(Cake\Http\Response))
#17 D:\xampp\htdocs\warehouse\vendor\cakephp\cakephp\src\Http\Server.php(81): Cake\Http\Runner->run(Object(Cake\Http\MiddlewareQueue), Object(Cake\Http\ServerRequest), Object(Cake\Http\Response))
#18 D:\xampp\htdocs\warehouse\webroot\index.php(40): Cake\Http\Server->run()
#19 {main}


2017-09-30 13:55:41 Error: [Error] Call to a member function input() on null in D:\xampp\htdocs\warehouse\src\Template\Products\index.ctp on line 17
Request URL: /products
Referer URL: http://localhost/warehouse/products/edit/1
Stack Trace:
#0 D:\xampp\htdocs\warehouse\vendor\cakephp\cakephp\src\View\View.php(1196): include()
#1 D:\xampp\htdocs\warehouse\vendor\cakephp\cakephp\src\View\View.php(1157): Cake\View\View->_evaluate('D:\\xampp\\htdocs...', Array)
#2 D:\xampp\htdocs\warehouse\vendor\cakephp\cakephp\src\View\View.php(765): Cake\View\View->_render('D:\\xampp\\htdocs...')
#3 D:\xampp\htdocs\warehouse\vendor\cakephp\cakephp\src\Controller\Controller.php(623): Cake\View\View->render(NULL, NULL)
#4 D:\xampp\htdocs\warehouse\vendor\cakephp\cakephp\src\Http\ActionDispatcher.php(125): Cake\Controller\Controller->render()
#5 D:\xampp\htdocs\warehouse\vendor\cakephp\cakephp\src\Http\ActionDispatcher.php(93): Cake\Http\ActionDispatcher->_invoke(Object(App\Controller\ProductsController))
#6 D:\xampp\htdocs\warehouse\vendor\cakephp\cakephp\src\Http\BaseApplication.php(103): Cake\Http\ActionDispatcher->dispatch(Object(Cake\Http\ServerRequest), Object(Cake\Http\Response))
#7 D:\xampp\htdocs\warehouse\vendor\cakephp\cakephp\src\Http\Runner.php(65): Cake\Http\BaseApplication->__invoke(Object(Cake\Http\ServerRequest), Object(Cake\Http\Response), Object(Cake\Http\Runner))
#8 D:\xampp\htdocs\warehouse\vendor\cakephp\cakephp\src\Routing\Middleware\RoutingMiddleware.php(107): Cake\Http\Runner->__invoke(Object(Cake\Http\ServerRequest), Object(Cake\Http\Response))
#9 D:\xampp\htdocs\warehouse\vendor\cakephp\cakephp\src\Http\Runner.php(65): Cake\Routing\Middleware\RoutingMiddleware->__invoke(Object(Cake\Http\ServerRequest), Object(Cake\Http\Response), Object(Cake\Http\Runner))
#10 D:\xampp\htdocs\warehouse\vendor\cakephp\cakephp\src\Routing\Middleware\AssetMiddleware.php(88): Cake\Http\Runner->__invoke(Object(Cake\Http\ServerRequest), Object(Cake\Http\Response))
#11 D:\xampp\htdocs\warehouse\vendor\cakephp\cakephp\src\Http\Runner.php(65): Cake\Routing\Middleware\AssetMiddleware->__invoke(Object(Cake\Http\ServerRequest), Object(Cake\Http\Response), Object(Cake\Http\Runner))
#12 D:\xampp\htdocs\warehouse\vendor\cakephp\cakephp\src\Error\Middleware\ErrorHandlerMiddleware.php(95): Cake\Http\Runner->__invoke(Object(Cake\Http\ServerRequest), Object(Cake\Http\Response))
#13 D:\xampp\htdocs\warehouse\vendor\cakephp\cakephp\src\Http\Runner.php(65): Cake\Error\Middleware\ErrorHandlerMiddleware->__invoke(Object(Cake\Http\ServerRequest), Object(Cake\Http\Response), Object(Cake\Http\Runner))
#14 D:\xampp\htdocs\warehouse\vendor\cakephp\debug_kit\src\Middleware\DebugKitMiddleware.php(52): Cake\Http\Runner->__invoke(Object(Cake\Http\ServerRequest), Object(Cake\Http\Response))
#15 D:\xampp\htdocs\warehouse\vendor\cakephp\cakephp\src\Http\Runner.php(65): DebugKit\Middleware\DebugKitMiddleware->__invoke(Object(Cake\Http\ServerRequest), Object(Cake\Http\Response), Object(Cake\Http\Runner))
#16 D:\xampp\htdocs\warehouse\vendor\cakephp\cakephp\src\Http\Runner.php(51): Cake\Http\Runner->__invoke(Object(Cake\Http\ServerRequest), Object(Cake\Http\Response))
#17 D:\xampp\htdocs\warehouse\vendor\cakephp\cakephp\src\Http\Server.php(81): Cake\Http\Runner->run(Object(Cake\Http\MiddlewareQueue), Object(Cake\Http\ServerRequest), Object(Cake\Http\Response))
#18 D:\xampp\htdocs\warehouse\webroot\index.php(40): Cake\Http\Server->run()
#19 {main}


2017-09-30 13:55:42 Error: [Error] Call to a member function input() on null in D:\xampp\htdocs\warehouse\src\Template\Products\index.ctp on line 17
Request URL: /products
Referer URL: http://localhost/warehouse/products/edit/1
Stack Trace:
#0 D:\xampp\htdocs\warehouse\vendor\cakephp\cakephp\src\View\View.php(1196): include()
#1 D:\xampp\htdocs\warehouse\vendor\cakephp\cakephp\src\View\View.php(1157): Cake\View\View->_evaluate('D:\\xampp\\htdocs...', Array)
#2 D:\xampp\htdocs\warehouse\vendor\cakephp\cakephp\src\View\View.php(765): Cake\View\View->_render('D:\\xampp\\htdocs...')
#3 D:\xampp\htdocs\warehouse\vendor\cakephp\cakephp\src\Controller\Controller.php(623): Cake\View\View->render(NULL, NULL)
#4 D:\xampp\htdocs\warehouse\vendor\cakephp\cakephp\src\Http\ActionDispatcher.php(125): Cake\Controller\Controller->render()
#5 D:\xampp\htdocs\warehouse\vendor\cakephp\cakephp\src\Http\ActionDispatcher.php(93): Cake\Http\ActionDispatcher->_invoke(Object(App\Controller\ProductsController))
#6 D:\xampp\htdocs\warehouse\vendor\cakephp\cakephp\src\Http\BaseApplication.php(103): Cake\Http\ActionDispatcher->dispatch(Object(Cake\Http\ServerRequest), Object(Cake\Http\Response))
#7 D:\xampp\htdocs\warehouse\vendor\cakephp\cakephp\src\Http\Runner.php(65): Cake\Http\BaseApplication->__invoke(Object(Cake\Http\ServerRequest), Object(Cake\Http\Response), Object(Cake\Http\Runner))
#8 D:\xampp\htdocs\warehouse\vendor\cakephp\cakephp\src\Routing\Middleware\RoutingMiddleware.php(107): Cake\Http\Runner->__invoke(Object(Cake\Http\ServerRequest), Object(Cake\Http\Response))
#9 D:\xampp\htdocs\warehouse\vendor\cakephp\cakephp\src\Http\Runner.php(65): Cake\Routing\Middleware\RoutingMiddleware->__invoke(Object(Cake\Http\ServerRequest), Object(Cake\Http\Response), Object(Cake\Http\Runner))
#10 D:\xampp\htdocs\warehouse\vendor\cakephp\cakephp\src\Routing\Middleware\AssetMiddleware.php(88): Cake\Http\Runner->__invoke(Object(Cake\Http\ServerRequest), Object(Cake\Http\Response))
#11 D:\xampp\htdocs\warehouse\vendor\cakephp\cakephp\src\Http\Runner.php(65): Cake\Routing\Middleware\AssetMiddleware->__invoke(Object(Cake\Http\ServerRequest), Object(Cake\Http\Response), Object(Cake\Http\Runner))
#12 D:\xampp\htdocs\warehouse\vendor\cakephp\cakephp\src\Error\Middleware\ErrorHandlerMiddleware.php(95): Cake\Http\Runner->__invoke(Object(Cake\Http\ServerRequest), Object(Cake\Http\Response))
#13 D:\xampp\htdocs\warehouse\vendor\cakephp\cakephp\src\Http\Runner.php(65): Cake\Error\Middleware\ErrorHandlerMiddleware->__invoke(Object(Cake\Http\ServerRequest), Object(Cake\Http\Response), Object(Cake\Http\Runner))
#14 D:\xampp\htdocs\warehouse\vendor\cakephp\debug_kit\src\Middleware\DebugKitMiddleware.php(52): Cake\Http\Runner->__invoke(Object(Cake\Http\ServerRequest), Object(Cake\Http\Response))
#15 D:\xampp\htdocs\warehouse\vendor\cakephp\cakephp\src\Http\Runner.php(65): DebugKit\Middleware\DebugKitMiddleware->__invoke(Object(Cake\Http\ServerRequest), Object(Cake\Http\Response), Object(Cake\Http\Runner))
#16 D:\xampp\htdocs\warehouse\vendor\cakephp\cakephp\src\Http\Runner.php(51): Cake\Http\Runner->__invoke(Object(Cake\Http\ServerRequest), Object(Cake\Http\Response))
#17 D:\xampp\htdocs\warehouse\vendor\cakephp\cakephp\src\Http\Server.php(81): Cake\Http\Runner->run(Object(Cake\Http\MiddlewareQueue), Object(Cake\Http\ServerRequest), Object(Cake\Http\Response))
#18 D:\xampp\htdocs\warehouse\webroot\index.php(40): Cake\Http\Server->run()
#19 {main}


2017-09-30 14:00:59 Error: [ParseError] syntax error, unexpected 'echo' (T_ECHO) in D:\xampp\htdocs\warehouse\src\Template\Products\index.ctp on line 11
Request URL: /products
Referer URL: http://localhost/warehouse/products/edit/1
Stack Trace:
#0 D:\xampp\htdocs\warehouse\vendor\cakephp\cakephp\src\View\View.php(1157): Cake\View\View->_evaluate('D:\\xampp\\htdocs...', Array)
#1 D:\xampp\htdocs\warehouse\vendor\cakephp\cakephp\src\View\View.php(765): Cake\View\View->_render('D:\\xampp\\htdocs...')
#2 D:\xampp\htdocs\warehouse\vendor\cakephp\cakephp\src\Controller\Controller.php(623): Cake\View\View->render(NULL, NULL)
#3 D:\xampp\htdocs\warehouse\vendor\cakephp\cakephp\src\Http\ActionDispatcher.php(125): Cake\Controller\Controller->render()
#4 D:\xampp\htdocs\warehouse\vendor\cakephp\cakephp\src\Http\ActionDispatcher.php(93): Cake\Http\ActionDispatcher->_invoke(Object(App\Controller\ProductsController))
#5 D:\xampp\htdocs\warehouse\vendor\cakephp\cakephp\src\Http\BaseApplication.php(103): Cake\Http\ActionDispatcher->dispatch(Object(Cake\Http\ServerRequest), Object(Cake\Http\Response))
#6 D:\xampp\htdocs\warehouse\vendor\cakephp\cakephp\src\Http\Runner.php(65): Cake\Http\BaseApplication->__invoke(Object(Cake\Http\ServerRequest), Object(Cake\Http\Response), Object(Cake\Http\Runner))
#7 D:\xampp\htdocs\warehouse\vendor\cakephp\cakephp\src\Routing\Middleware\RoutingMiddleware.php(107): Cake\Http\Runner->__invoke(Object(Cake\Http\ServerRequest), Object(Cake\Http\Response))
#8 D:\xampp\htdocs\warehouse\vendor\cakephp\cakephp\src\Http\Runner.php(65): Cake\Routing\Middleware\RoutingMiddleware->__invoke(Object(Cake\Http\ServerRequest), Object(Cake\Http\Response), Object(Cake\Http\Runner))
#9 D:\xampp\htdocs\warehouse\vendor\cakephp\cakephp\src\Routing\Middleware\AssetMiddleware.php(88): Cake\Http\Runner->__invoke(Object(Cake\Http\ServerRequest), Object(Cake\Http\Response))
#10 D:\xampp\htdocs\warehouse\vendor\cakephp\cakephp\src\Http\Runner.php(65): Cake\Routing\Middleware\AssetMiddleware->__invoke(Object(Cake\Http\ServerRequest), Object(Cake\Http\Response), Object(Cake\Http\Runner))
#11 D:\xampp\htdocs\warehouse\vendor\cakephp\cakephp\src\Error\Middleware\ErrorHandlerMiddleware.php(95): Cake\Http\Runner->__invoke(Object(Cake\Http\ServerRequest), Object(Cake\Http\Response))
#12 D:\xampp\htdocs\warehouse\vendor\cakephp\cakephp\src\Http\Runner.php(65): Cake\Error\Middleware\ErrorHandlerMiddleware->__invoke(Object(Cake\Http\ServerRequest), Object(Cake\Http\Response), Object(Cake\Http\Runner))
#13 D:\xampp\htdocs\warehouse\vendor\cakephp\debug_kit\src\Middleware\DebugKitMiddleware.php(52): Cake\Http\Runner->__invoke(Object(Cake\Http\ServerRequest), Object(Cake\Http\Response))
#14 D:\xampp\htdocs\warehouse\vendor\cakephp\cakephp\src\Http\Runner.php(65): DebugKit\Middleware\DebugKitMiddleware->__invoke(Object(Cake\Http\ServerRequest), Object(Cake\Http\Response), Object(Cake\Http\Runner))
#15 D:\xampp\htdocs\warehouse\vendor\cakephp\cakephp\src\Http\Runner.php(51): Cake\Http\Runner->__invoke(Object(Cake\Http\ServerRequest), Object(Cake\Http\Response))
#16 D:\xampp\htdocs\warehouse\vendor\cakephp\cakephp\src\Http\Server.php(81): Cake\Http\Runner->run(Object(Cake\Http\MiddlewareQueue), Object(Cake\Http\ServerRequest), Object(Cake\Http\Response))
#17 D:\xampp\htdocs\warehouse\webroot\index.php(40): Cake\Http\Server->run()
#18 {main}


2017-09-30 14:01:00 Error: [ParseError] syntax error, unexpected 'echo' (T_ECHO) in D:\xampp\htdocs\warehouse\src\Template\Products\index.ctp on line 11
Request URL: /products
Referer URL: http://localhost/warehouse/products/edit/1
Stack Trace:
#0 D:\xampp\htdocs\warehouse\vendor\cakephp\cakephp\src\View\View.php(1157): Cake\View\View->_evaluate('D:\\xampp\\htdocs...', Array)
#1 D:\xampp\htdocs\warehouse\vendor\cakephp\cakephp\src\View\View.php(765): Cake\View\View->_render('D:\\xampp\\htdocs...')
#2 D:\xampp\htdocs\warehouse\vendor\cakephp\cakephp\src\Controller\Controller.php(623): Cake\View\View->render(NULL, NULL)
#3 D:\xampp\htdocs\warehouse\vendor\cakephp\cakephp\src\Http\ActionDispatcher.php(125): Cake\Controller\Controller->render()
#4 D:\xampp\htdocs\warehouse\vendor\cakephp\cakephp\src\Http\ActionDispatcher.php(93): Cake\Http\ActionDispatcher->_invoke(Object(App\Controller\ProductsController))
#5 D:\xampp\htdocs\warehouse\vendor\cakephp\cakephp\src\Http\BaseApplication.php(103): Cake\Http\ActionDispatcher->dispatch(Object(Cake\Http\ServerRequest), Object(Cake\Http\Response))
#6 D:\xampp\htdocs\warehouse\vendor\cakephp\cakephp\src\Http\Runner.php(65): Cake\Http\BaseApplication->__invoke(Object(Cake\Http\ServerRequest), Object(Cake\Http\Response), Object(Cake\Http\Runner))
#7 D:\xampp\htdocs\warehouse\vendor\cakephp\cakephp\src\Routing\Middleware\RoutingMiddleware.php(107): Cake\Http\Runner->__invoke(Object(Cake\Http\ServerRequest), Object(Cake\Http\Response))
#8 D:\xampp\htdocs\warehouse\vendor\cakephp\cakephp\src\Http\Runner.php(65): Cake\Routing\Middleware\RoutingMiddleware->__invoke(Object(Cake\Http\ServerRequest), Object(Cake\Http\Response), Object(Cake\Http\Runner))
#9 D:\xampp\htdocs\warehouse\vendor\cakephp\cakephp\src\Routing\Middleware\AssetMiddleware.php(88): Cake\Http\Runner->__invoke(Object(Cake\Http\ServerRequest), Object(Cake\Http\Response))
#10 D:\xampp\htdocs\warehouse\vendor\cakephp\cakephp\src\Http\Runner.php(65): Cake\Routing\Middleware\AssetMiddleware->__invoke(Object(Cake\Http\ServerRequest), Object(Cake\Http\Response), Object(Cake\Http\Runner))
#11 D:\xampp\htdocs\warehouse\vendor\cakephp\cakephp\src\Error\Middleware\ErrorHandlerMiddleware.php(95): Cake\Http\Runner->__invoke(Object(Cake\Http\ServerRequest), Object(Cake\Http\Response))
#12 D:\xampp\htdocs\warehouse\vendor\cakephp\cakephp\src\Http\Runner.php(65): Cake\Error\Middleware\ErrorHandlerMiddleware->__invoke(Object(Cake\Http\ServerRequest), Object(Cake\Http\Response), Object(Cake\Http\Runner))
#13 D:\xampp\htdocs\warehouse\vendor\cakephp\debug_kit\src\Middleware\DebugKitMiddleware.php(52): Cake\Http\Runner->__invoke(Object(Cake\Http\ServerRequest), Object(Cake\Http\Response))
#14 D:\xampp\htdocs\warehouse\vendor\cakephp\cakephp\src\Http\Runner.php(65): DebugKit\Middleware\DebugKitMiddleware->__invoke(Object(Cake\Http\ServerRequest), Object(Cake\Http\Response), Object(Cake\Http\Runner))
#15 D:\xampp\htdocs\warehouse\vendor\cakephp\cakephp\src\Http\Runner.php(51): Cake\Http\Runner->__invoke(Object(Cake\Http\ServerRequest), Object(Cake\Http\Response))
#16 D:\xampp\htdocs\warehouse\vendor\cakephp\cakephp\src\Http\Server.php(81): Cake\Http\Runner->run(Object(Cake\Http\MiddlewareQueue), Object(Cake\Http\ServerRequest), Object(Cake\Http\Response))
#17 D:\xampp\htdocs\warehouse\webroot\index.php(40): Cake\Http\Server->run()
#18 {main}


2017-09-30 14:01:14 Error: [ParseError] syntax error, unexpected 'echo' (T_ECHO) in D:\xampp\htdocs\warehouse\src\Template\Products\index.ctp on line 11
Request URL: /products
Referer URL: http://localhost/warehouse/products/edit/1
Stack Trace:
#0 D:\xampp\htdocs\warehouse\vendor\cakephp\cakephp\src\View\View.php(1157): Cake\View\View->_evaluate('D:\\xampp\\htdocs...', Array)
#1 D:\xampp\htdocs\warehouse\vendor\cakephp\cakephp\src\View\View.php(765): Cake\View\View->_render('D:\\xampp\\htdocs...')
#2 D:\xampp\htdocs\warehouse\vendor\cakephp\cakephp\src\Controller\Controller.php(623): Cake\View\View->render(NULL, NULL)
#3 D:\xampp\htdocs\warehouse\vendor\cakephp\cakephp\src\Http\ActionDispatcher.php(125): Cake\Controller\Controller->render()
#4 D:\xampp\htdocs\warehouse\vendor\cakephp\cakephp\src\Http\ActionDispatcher.php(93): Cake\Http\ActionDispatcher->_invoke(Object(App\Controller\ProductsController))
#5 D:\xampp\htdocs\warehouse\vendor\cakephp\cakephp\src\Http\BaseApplication.php(103): Cake\Http\ActionDispatcher->dispatch(Object(Cake\Http\ServerRequest), Object(Cake\Http\Response))
#6 D:\xampp\htdocs\warehouse\vendor\cakephp\cakephp\src\Http\Runner.php(65): Cake\Http\BaseApplication->__invoke(Object(Cake\Http\ServerRequest), Object(Cake\Http\Response), Object(Cake\Http\Runner))
#7 D:\xampp\htdocs\warehouse\vendor\cakephp\cakephp\src\Routing\Middleware\RoutingMiddleware.php(107): Cake\Http\Runner->__invoke(Object(Cake\Http\ServerRequest), Object(Cake\Http\Response))
#8 D:\xampp\htdocs\warehouse\vendor\cakephp\cakephp\src\Http\Runner.php(65): Cake\Routing\Middleware\RoutingMiddleware->__invoke(Object(Cake\Http\ServerRequest), Object(Cake\Http\Response), Object(Cake\Http\Runner))
#9 D:\xampp\htdocs\warehouse\vendor\cakephp\cakephp\src\Routing\Middleware\AssetMiddleware.php(88): Cake\Http\Runner->__invoke(Object(Cake\Http\ServerRequest), Object(Cake\Http\Response))
#10 D:\xampp\htdocs\warehouse\vendor\cakephp\cakephp\src\Http\Runner.php(65): Cake\Routing\Middleware\AssetMiddleware->__invoke(Object(Cake\Http\ServerRequest), Object(Cake\Http\Response), Object(Cake\Http\Runner))
#11 D:\xampp\htdocs\warehouse\vendor\cakephp\cakephp\src\Error\Middleware\ErrorHandlerMiddleware.php(95): Cake\Http\Runner->__invoke(Object(Cake\Http\ServerRequest), Object(Cake\Http\Response))
#12 D:\xampp\htdocs\warehouse\vendor\cakephp\cakephp\src\Http\Runner.php(65): Cake\Error\Middleware\ErrorHandlerMiddleware->__invoke(Object(Cake\Http\ServerRequest), Object(Cake\Http\Response), Object(Cake\Http\Runner))
#13 D:\xampp\htdocs\warehouse\vendor\cakephp\debug_kit\src\Middleware\DebugKitMiddleware.php(52): Cake\Http\Runner->__invoke(Object(Cake\Http\ServerRequest), Object(Cake\Http\Response))
#14 D:\xampp\htdocs\warehouse\vendor\cakephp\cakephp\src\Http\Runner.php(65): DebugKit\Middleware\DebugKitMiddleware->__invoke(Object(Cake\Http\ServerRequest), Object(Cake\Http\Response), Object(Cake\Http\Runner))
#15 D:\xampp\htdocs\warehouse\vendor\cakephp\cakephp\src\Http\Runner.php(51): Cake\Http\Runner->__invoke(Object(Cake\Http\ServerRequest), Object(Cake\Http\Response))
#16 D:\xampp\htdocs\warehouse\vendor\cakephp\cakephp\src\Http\Server.php(81): Cake\Http\Runner->run(Object(Cake\Http\MiddlewareQueue), Object(Cake\Http\ServerRequest), Object(Cake\Http\Response))
#17 D:\xampp\htdocs\warehouse\webroot\index.php(40): Cake\Http\Server->run()
#18 {main}


2017-09-30 14:03:02 Error: [ParseError] syntax error, unexpected 'echo' (T_ECHO) in D:\xampp\htdocs\warehouse\src\Template\Products\index.ctp on line 11
Request URL: /products
Referer URL: http://localhost/warehouse/products/edit/1
Stack Trace:
#0 D:\xampp\htdocs\warehouse\vendor\cakephp\cakephp\src\View\View.php(1157): Cake\View\View->_evaluate('D:\\xampp\\htdocs...', Array)
#1 D:\xampp\htdocs\warehouse\vendor\cakephp\cakephp\src\View\View.php(765): Cake\View\View->_render('D:\\xampp\\htdocs...')
#2 D:\xampp\htdocs\warehouse\vendor\cakephp\cakephp\src\Controller\Controller.php(623): Cake\View\View->render(NULL, NULL)
#3 D:\xampp\htdocs\warehouse\vendor\cakephp\cakephp\src\Http\ActionDispatcher.php(125): Cake\Controller\Controller->render()
#4 D:\xampp\htdocs\warehouse\vendor\cakephp\cakephp\src\Http\ActionDispatcher.php(93): Cake\Http\ActionDispatcher->_invoke(Object(App\Controller\ProductsController))
#5 D:\xampp\htdocs\warehouse\vendor\cakephp\cakephp\src\Http\BaseApplication.php(103): Cake\Http\ActionDispatcher->dispatch(Object(Cake\Http\ServerRequest), Object(Cake\Http\Response))
#6 D:\xampp\htdocs\warehouse\vendor\cakephp\cakephp\src\Http\Runner.php(65): Cake\Http\BaseApplication->__invoke(Object(Cake\Http\ServerRequest), Object(Cake\Http\Response), Object(Cake\Http\Runner))
#7 D:\xampp\htdocs\warehouse\vendor\cakephp\cakephp\src\Routing\Middleware\RoutingMiddleware.php(107): Cake\Http\Runner->__invoke(Object(Cake\Http\ServerRequest), Object(Cake\Http\Response))
#8 D:\xampp\htdocs\warehouse\vendor\cakephp\cakephp\src\Http\Runner.php(65): Cake\Routing\Middleware\RoutingMiddleware->__invoke(Object(Cake\Http\ServerRequest), Object(Cake\Http\Response), Object(Cake\Http\Runner))
#9 D:\xampp\htdocs\warehouse\vendor\cakephp\cakephp\src\Routing\Middleware\AssetMiddleware.php(88): Cake\Http\Runner->__invoke(Object(Cake\Http\ServerRequest), Object(Cake\Http\Response))
#10 D:\xampp\htdocs\warehouse\vendor\cakephp\cakephp\src\Http\Runner.php(65): Cake\Routing\Middleware\AssetMiddleware->__invoke(Object(Cake\Http\ServerRequest), Object(Cake\Http\Response), Object(Cake\Http\Runner))
#11 D:\xampp\htdocs\warehouse\vendor\cakephp\cakephp\src\Error\Middleware\ErrorHandlerMiddleware.php(95): Cake\Http\Runner->__invoke(Object(Cake\Http\ServerRequest), Object(Cake\Http\Response))
#12 D:\xampp\htdocs\warehouse\vendor\cakephp\cakephp\src\Http\Runner.php(65): Cake\Error\Middleware\ErrorHandlerMiddleware->__invoke(Object(Cake\Http\ServerRequest), Object(Cake\Http\Response), Object(Cake\Http\Runner))
#13 D:\xampp\htdocs\warehouse\vendor\cakephp\debug_kit\src\Middleware\DebugKitMiddleware.php(52): Cake\Http\Runner->__invoke(Object(Cake\Http\ServerRequest), Object(Cake\Http\Response))
#14 D:\xampp\htdocs\warehouse\vendor\cakephp\cakephp\src\Http\Runner.php(65): DebugKit\Middleware\DebugKitMiddleware->__invoke(Object(Cake\Http\ServerRequest), Object(Cake\Http\Response), Object(Cake\Http\Runner))
#15 D:\xampp\htdocs\warehouse\vendor\cakephp\cakephp\src\Http\Runner.php(51): Cake\Http\Runner->__invoke(Object(Cake\Http\ServerRequest), Object(Cake\Http\Response))
#16 D:\xampp\htdocs\warehouse\vendor\cakephp\cakephp\src\Http\Server.php(81): Cake\Http\Runner->run(Object(Cake\Http\MiddlewareQueue), Object(Cake\Http\ServerRequest), Object(Cake\Http\Response))
#17 D:\xampp\htdocs\warehouse\webroot\index.php(40): Cake\Http\Server->run()
#18 {main}


2017-09-30 14:50:13 Error: [Cake\View\Exception\MissingHelperException] Helper class AuthHelper could not be found.
Exception Attributes: array (
  'class' => 'AuthHelper',
  'plugin' => NULL,
)
Request URL: /
Stack Trace:
#0 D:\xampp\htdocs\warehouse\vendor\cakephp\cakephp\src\Core\ObjectRegistry.php(94): Cake\View\HelperRegistry->_throwMissingClassError('Auth', NULL)
#1 D:\xampp\htdocs\warehouse\vendor\cakephp\cakephp\src\View\HelperRegistry.php(67): Cake\Core\ObjectRegistry->load('Auth')
#2 D:\xampp\htdocs\warehouse\vendor\cakephp\cakephp\src\View\View.php(1087): Cake\View\HelperRegistry->__isset('Auth')
#3 D:\xampp\htdocs\warehouse\src\Template\Layout\default.ctp(47): Cake\View\View->__get('Auth')
#4 D:\xampp\htdocs\warehouse\vendor\cakephp\cakephp\src\View\View.php(1196): include('D:\\xampp\\htdocs...')
#5 D:\xampp\htdocs\warehouse\vendor\cakephp\cakephp\src\View\View.php(1157): Cake\View\View->_evaluate('D:\\xampp\\htdocs...', Array)
#6 D:\xampp\htdocs\warehouse\vendor\cakephp\cakephp\src\View\View.php(812): Cake\View\View->_render('D:\\xampp\\htdocs...')
#7 D:\xampp\htdocs\warehouse\vendor\cakephp\cakephp\src\View\View.php(770): Cake\View\View->renderLayout('', 'default')
#8 D:\xampp\htdocs\warehouse\vendor\cakephp\cakephp\src\Controller\Controller.php(623): Cake\View\View->render(NULL, NULL)
#9 D:\xampp\htdocs\warehouse\vendor\cakephp\cakephp\src\Http\ActionDispatcher.php(125): Cake\Controller\Controller->render()
#10 D:\xampp\htdocs\warehouse\vendor\cakephp\cakephp\src\Http\ActionDispatcher.php(93): Cake\Http\ActionDispatcher->_invoke(Object(App\Controller\ProductsController))
#11 D:\xampp\htdocs\warehouse\vendor\cakephp\cakephp\src\Http\BaseApplication.php(103): Cake\Http\ActionDispatcher->dispatch(Object(Cake\Http\ServerRequest), Object(Cake\Http\Response))
#12 D:\xampp\htdocs\warehouse\vendor\cakephp\cakephp\src\Http\Runner.php(65): Cake\Http\BaseApplication->__invoke(Object(Cake\Http\ServerRequest), Object(Cake\Http\Response), Object(Cake\Http\Runner))
#13 D:\xampp\htdocs\warehouse\vendor\cakephp\cakephp\src\Routing\Middleware\RoutingMiddleware.php(107): Cake\Http\Runner->__invoke(Object(Cake\Http\ServerRequest), Object(Cake\Http\Response))
#14 D:\xampp\htdocs\warehouse\vendor\cakephp\cakephp\src\Http\Runner.php(65): Cake\Routing\Middleware\RoutingMiddleware->__invoke(Object(Cake\Http\ServerRequest), Object(Cake\Http\Response), Object(Cake\Http\Runner))
#15 D:\xampp\htdocs\warehouse\vendor\cakephp\cakephp\src\Routing\Middleware\AssetMiddleware.php(88): Cake\Http\Runner->__invoke(Object(Cake\Http\ServerRequest), Object(Cake\Http\Response))
#16 D:\xampp\htdocs\warehouse\vendor\cakephp\cakephp\src\Http\Runner.php(65): Cake\Routing\Middleware\AssetMiddleware->__invoke(Object(Cake\Http\ServerRequest), Object(Cake\Http\Response), Object(Cake\Http\Runner))
#17 D:\xampp\htdocs\warehouse\vendor\cakephp\cakephp\src\Error\Middleware\ErrorHandlerMiddleware.php(95): Cake\Http\Runner->__invoke(Object(Cake\Http\ServerRequest), Object(Cake\Http\Response))
#18 D:\xampp\htdocs\warehouse\vendor\cakephp\cakephp\src\Http\Runner.php(65): Cake\Error\Middleware\ErrorHandlerMiddleware->__invoke(Object(Cake\Http\ServerRequest), Object(Cake\Http\Response), Object(Cake\Http\Runner))
#19 D:\xampp\htdocs\warehouse\vendor\cakephp\debug_kit\src\Middleware\DebugKitMiddleware.php(52): Cake\Http\Runner->__invoke(Object(Cake\Http\ServerRequest), Object(Cake\Http\Response))
#20 D:\xampp\htdocs\warehouse\vendor\cakephp\cakephp\src\Http\Runner.php(65): DebugKit\Middleware\DebugKitMiddleware->__invoke(Object(Cake\Http\ServerRequest), Object(Cake\Http\Response), Object(Cake\Http\Runner))
#21 D:\xampp\htdocs\warehouse\vendor\cakephp\cakephp\src\Http\Runner.php(51): Cake\Http\Runner->__invoke(Object(Cake\Http\ServerRequest), Object(Cake\Http\Response))
#22 D:\xampp\htdocs\warehouse\vendor\cakephp\cakephp\src\Http\Server.php(81): Cake\Http\Runner->run(Object(Cake\Http\MiddlewareQueue), Object(Cake\Http\ServerRequest), Object(Cake\Http\Response))
#23 D:\xampp\htdocs\warehouse\webroot\index.php(40): Cake\Http\Server->run()
#24 {main}


2017-09-30 14:57:31 Error: [ParseError] syntax error, unexpected '}', expecting end of file in D:\xampp\htdocs\warehouse\src\Template\Layout\default.ctp on line 48
Request URL: /
Referer URL: http://localhost/warehouse/users/login
Stack Trace:
#0 D:\xampp\htdocs\warehouse\vendor\cakephp\cakephp\src\View\View.php(1157): Cake\View\View->_evaluate('D:\\xampp\\htdocs...', Array)
#1 D:\xampp\htdocs\warehouse\vendor\cakephp\cakephp\src\View\View.php(812): Cake\View\View->_render('D:\\xampp\\htdocs...')
#2 D:\xampp\htdocs\warehouse\vendor\cakephp\cakephp\src\View\View.php(770): Cake\View\View->renderLayout('', 'default')
#3 D:\xampp\htdocs\warehouse\vendor\cakephp\cakephp\src\Controller\Controller.php(623): Cake\View\View->render(NULL, NULL)
#4 D:\xampp\htdocs\warehouse\vendor\cakephp\cakephp\src\Http\ActionDispatcher.php(125): Cake\Controller\Controller->render()
#5 D:\xampp\htdocs\warehouse\vendor\cakephp\cakephp\src\Http\ActionDispatcher.php(93): Cake\Http\ActionDispatcher->_invoke(Object(App\Controller\ProductsController))
#6 D:\xampp\htdocs\warehouse\vendor\cakephp\cakephp\src\Http\BaseApplication.php(103): Cake\Http\ActionDispatcher->dispatch(Object(Cake\Http\ServerRequest), Object(Cake\Http\Response))
#7 D:\xampp\htdocs\warehouse\vendor\cakephp\cakephp\src\Http\Runner.php(65): Cake\Http\BaseApplication->__invoke(Object(Cake\Http\ServerRequest), Object(Cake\Http\Response), Object(Cake\Http\Runner))
#8 D:\xampp\htdocs\warehouse\vendor\cakephp\cakephp\src\Routing\Middleware\RoutingMiddleware.php(107): Cake\Http\Runner->__invoke(Object(Cake\Http\ServerRequest), Object(Cake\Http\Response))
#9 D:\xampp\htdocs\warehouse\vendor\cakephp\cakephp\src\Http\Runner.php(65): Cake\Routing\Middleware\RoutingMiddleware->__invoke(Object(Cake\Http\ServerRequest), Object(Cake\Http\Response), Object(Cake\Http\Runner))
#10 D:\xampp\htdocs\warehouse\vendor\cakephp\cakephp\src\Routing\Middleware\AssetMiddleware.php(88): Cake\Http\Runner->__invoke(Object(Cake\Http\ServerRequest), Object(Cake\Http\Response))
#11 D:\xampp\htdocs\warehouse\vendor\cakephp\cakephp\src\Http\Runner.php(65): Cake\Routing\Middleware\AssetMiddleware->__invoke(Object(Cake\Http\ServerRequest), Object(Cake\Http\Response), Object(Cake\Http\Runner))
#12 D:\xampp\htdocs\warehouse\vendor\cakephp\cakephp\src\Error\Middleware\ErrorHandlerMiddleware.php(95): Cake\Http\Runner->__invoke(Object(Cake\Http\ServerRequest), Object(Cake\Http\Response))
#13 D:\xampp\htdocs\warehouse\vendor\cakephp\cakephp\src\Http\Runner.php(65): Cake\Error\Middleware\ErrorHandlerMiddleware->__invoke(Object(Cake\Http\ServerRequest), Object(Cake\Http\Response), Object(Cake\Http\Runner))
#14 D:\xampp\htdocs\warehouse\vendor\cakephp\debug_kit\src\Middleware\DebugKitMiddleware.php(52): Cake\Http\Runner->__invoke(Object(Cake\Http\ServerRequest), Object(Cake\Http\Response))
#15 D:\xampp\htdocs\warehouse\vendor\cakephp\cakephp\src\Http\Runner.php(65): DebugKit\Middleware\DebugKitMiddleware->__invoke(Object(Cake\Http\ServerRequest), Object(Cake\Http\Response), Object(Cake\Http\Runner))
#16 D:\xampp\htdocs\warehouse\vendor\cakephp\cakephp\src\Http\Runner.php(51): Cake\Http\Runner->__invoke(Object(Cake\Http\ServerRequest), Object(Cake\Http\Response))
#17 D:\xampp\htdocs\warehouse\vendor\cakephp\cakephp\src\Http\Server.php(81): Cake\Http\Runner->run(Object(Cake\Http\MiddlewareQueue), Object(Cake\Http\ServerRequest), Object(Cake\Http\Response))
#18 D:\xampp\htdocs\warehouse\webroot\index.php(40): Cake\Http\Server->run()
#19 {main}


2017-09-30 14:57:42 Error: [ParseError] syntax error, unexpected '?>', expecting ',' or ')' in D:\xampp\htdocs\warehouse\src\Template\Layout\default.ctp on line 47
Request URL: /
Referer URL: http://localhost/warehouse/users/login
Stack Trace:
#0 D:\xampp\htdocs\warehouse\vendor\cakephp\cakephp\src\View\View.php(1157): Cake\View\View->_evaluate('D:\\xampp\\htdocs...', Array)
#1 D:\xampp\htdocs\warehouse\vendor\cakephp\cakephp\src\View\View.php(812): Cake\View\View->_render('D:\\xampp\\htdocs...')
#2 D:\xampp\htdocs\warehouse\vendor\cakephp\cakephp\src\View\View.php(770): Cake\View\View->renderLayout('', 'default')
#3 D:\xampp\htdocs\warehouse\vendor\cakephp\cakephp\src\Controller\Controller.php(623): Cake\View\View->render(NULL, NULL)
#4 D:\xampp\htdocs\warehouse\vendor\cakephp\cakephp\src\Http\ActionDispatcher.php(125): Cake\Controller\Controller->render()
#5 D:\xampp\htdocs\warehouse\vendor\cakephp\cakephp\src\Http\ActionDispatcher.php(93): Cake\Http\ActionDispatcher->_invoke(Object(App\Controller\ProductsController))
#6 D:\xampp\htdocs\warehouse\vendor\cakephp\cakephp\src\Http\BaseApplication.php(103): Cake\Http\ActionDispatcher->dispatch(Object(Cake\Http\ServerRequest), Object(Cake\Http\Response))
#7 D:\xampp\htdocs\warehouse\vendor\cakephp\cakephp\src\Http\Runner.php(65): Cake\Http\BaseApplication->__invoke(Object(Cake\Http\ServerRequest), Object(Cake\Http\Response), Object(Cake\Http\Runner))
#8 D:\xampp\htdocs\warehouse\vendor\cakephp\cakephp\src\Routing\Middleware\RoutingMiddleware.php(107): Cake\Http\Runner->__invoke(Object(Cake\Http\ServerRequest), Object(Cake\Http\Response))
#9 D:\xampp\htdocs\warehouse\vendor\cakephp\cakephp\src\Http\Runner.php(65): Cake\Routing\Middleware\RoutingMiddleware->__invoke(Object(Cake\Http\ServerRequest), Object(Cake\Http\Response), Object(Cake\Http\Runner))
#10 D:\xampp\htdocs\warehouse\vendor\cakephp\cakephp\src\Routing\Middleware\AssetMiddleware.php(88): Cake\Http\Runner->__invoke(Object(Cake\Http\ServerRequest), Object(Cake\Http\Response))
#11 D:\xampp\htdocs\warehouse\vendor\cakephp\cakephp\src\Http\Runner.php(65): Cake\Routing\Middleware\AssetMiddleware->__invoke(Object(Cake\Http\ServerRequest), Object(Cake\Http\Response), Object(Cake\Http\Runner))
#12 D:\xampp\htdocs\warehouse\vendor\cakephp\cakephp\src\Error\Middleware\ErrorHandlerMiddleware.php(95): Cake\Http\Runner->__invoke(Object(Cake\Http\ServerRequest), Object(Cake\Http\Response))
#13 D:\xampp\htdocs\warehouse\vendor\cakephp\cakephp\src\Http\Runner.php(65): Cake\Error\Middleware\ErrorHandlerMiddleware->__invoke(Object(Cake\Http\ServerRequest), Object(Cake\Http\Response), Object(Cake\Http\Runner))
#14 D:\xampp\htdocs\warehouse\vendor\cakephp\debug_kit\src\Middleware\DebugKitMiddleware.php(52): Cake\Http\Runner->__invoke(Object(Cake\Http\ServerRequest), Object(Cake\Http\Response))
#15 D:\xampp\htdocs\warehouse\vendor\cakephp\cakephp\src\Http\Runner.php(65): DebugKit\Middleware\DebugKitMiddleware->__invoke(Object(Cake\Http\ServerRequest), Object(Cake\Http\Response), Object(Cake\Http\Runner))
#16 D:\xampp\htdocs\warehouse\vendor\cakephp\cakephp\src\Http\Runner.php(51): Cake\Http\Runner->__invoke(Object(Cake\Http\ServerRequest), Object(Cake\Http\Response))
#17 D:\xampp\htdocs\warehouse\vendor\cakephp\cakephp\src\Http\Server.php(81): Cake\Http\Runner->run(Object(Cake\Http\MiddlewareQueue), Object(Cake\Http\ServerRequest), Object(Cake\Http\Response))
#18 D:\xampp\htdocs\warehouse\webroot\index.php(40): Cake\Http\Server->run()
#19 {main}


2017-09-30 14:57:59 Error: [ParseError] syntax error, unexpected '}', expecting end of file in D:\xampp\htdocs\warehouse\src\Template\Layout\default.ctp on line 48
Request URL: /
Referer URL: http://localhost/warehouse/users/login
Stack Trace:
#0 D:\xampp\htdocs\warehouse\vendor\cakephp\cakephp\src\View\View.php(1157): Cake\View\View->_evaluate('D:\\xampp\\htdocs...', Array)
#1 D:\xampp\htdocs\warehouse\vendor\cakephp\cakephp\src\View\View.php(812): Cake\View\View->_render('D:\\xampp\\htdocs...')
#2 D:\xampp\htdocs\warehouse\vendor\cakephp\cakephp\src\View\View.php(770): Cake\View\View->renderLayout('', 'default')
#3 D:\xampp\htdocs\warehouse\vendor\cakephp\cakephp\src\Controller\Controller.php(623): Cake\View\View->render(NULL, NULL)
#4 D:\xampp\htdocs\warehouse\vendor\cakephp\cakephp\src\Http\ActionDispatcher.php(125): Cake\Controller\Controller->render()
#5 D:\xampp\htdocs\warehouse\vendor\cakephp\cakephp\src\Http\ActionDispatcher.php(93): Cake\Http\ActionDispatcher->_invoke(Object(App\Controller\ProductsController))
#6 D:\xampp\htdocs\warehouse\vendor\cakephp\cakephp\src\Http\BaseApplication.php(103): Cake\Http\ActionDispatcher->dispatch(Object(Cake\Http\ServerRequest), Object(Cake\Http\Response))
#7 D:\xampp\htdocs\warehouse\vendor\cakephp\cakephp\src\Http\Runner.php(65): Cake\Http\BaseApplication->__invoke(Object(Cake\Http\ServerRequest), Object(Cake\Http\Response), Object(Cake\Http\Runner))
#8 D:\xampp\htdocs\warehouse\vendor\cakephp\cakephp\src\Routing\Middleware\RoutingMiddleware.php(107): Cake\Http\Runner->__invoke(Object(Cake\Http\ServerRequest), Object(Cake\Http\Response))
#9 D:\xampp\htdocs\warehouse\vendor\cakephp\cakephp\src\Http\Runner.php(65): Cake\Routing\Middleware\RoutingMiddleware->__invoke(Object(Cake\Http\ServerRequest), Object(Cake\Http\Response), Object(Cake\Http\Runner))
#10 D:\xampp\htdocs\warehouse\vendor\cakephp\cakephp\src\Routing\Middleware\AssetMiddleware.php(88): Cake\Http\Runner->__invoke(Object(Cake\Http\ServerRequest), Object(Cake\Http\Response))
#11 D:\xampp\htdocs\warehouse\vendor\cakephp\cakephp\src\Http\Runner.php(65): Cake\Routing\Middleware\AssetMiddleware->__invoke(Object(Cake\Http\ServerRequest), Object(Cake\Http\Response), Object(Cake\Http\Runner))
#12 D:\xampp\htdocs\warehouse\vendor\cakephp\cakephp\src\Error\Middleware\ErrorHandlerMiddleware.php(95): Cake\Http\Runner->__invoke(Object(Cake\Http\ServerRequest), Object(Cake\Http\Response))
#13 D:\xampp\htdocs\warehouse\vendor\cakephp\cakephp\src\Http\Runner.php(65): Cake\Error\Middleware\ErrorHandlerMiddleware->__invoke(Object(Cake\Http\ServerRequest), Object(Cake\Http\Response), Object(Cake\Http\Runner))
#14 D:\xampp\htdocs\warehouse\vendor\cakephp\debug_kit\src\Middleware\DebugKitMiddleware.php(52): Cake\Http\Runner->__invoke(Object(Cake\Http\ServerRequest), Object(Cake\Http\Response))
#15 D:\xampp\htdocs\warehouse\vendor\cakephp\cakephp\src\Http\Runner.php(65): DebugKit\Middleware\DebugKitMiddleware->__invoke(Object(Cake\Http\ServerRequest), Object(Cake\Http\Response), Object(Cake\Http\Runner))
#16 D:\xampp\htdocs\warehouse\vendor\cakephp\cakephp\src\Http\Runner.php(51): Cake\Http\Runner->__invoke(Object(Cake\Http\ServerRequest), Object(Cake\Http\Response))
#17 D:\xampp\htdocs\warehouse\vendor\cakephp\cakephp\src\Http\Server.php(81): Cake\Http\Runner->run(Object(Cake\Http\MiddlewareQueue), Object(Cake\Http\ServerRequest), Object(Cake\Http\Response))
#18 D:\xampp\htdocs\warehouse\webroot\index.php(40): Cake\Http\Server->run()
#19 {main}


2017-09-30 15:06:06 Error: [TypeError] Argument 2 passed to Cake\View\Helper\FormHelper::control() must be of the type array, string given, called in D:\xampp\htdocs\warehouse\src\Template\Products\edit.ctp on line 27 in D:\xampp\htdocs\warehouse\vendor\cakephp\cakephp\src\View\Helper\FormHelper.php on line 1095
Request URL: /products/edit/1
Referer URL: http://localhost/warehouse/products/view/1
Stack Trace:
#0 D:\xampp\htdocs\warehouse\src\Template\Products\edit.ctp(27): Cake\View\Helper\FormHelper->control('code', 'readonly')
#1 D:\xampp\htdocs\warehouse\vendor\cakephp\cakephp\src\View\View.php(1196): include('D:\\xampp\\htdocs...')
#2 D:\xampp\htdocs\warehouse\vendor\cakephp\cakephp\src\View\View.php(1157): Cake\View\View->_evaluate('D:\\xampp\\htdocs...', Array)
#3 D:\xampp\htdocs\warehouse\vendor\cakephp\cakephp\src\View\View.php(765): Cake\View\View->_render('D:\\xampp\\htdocs...')
#4 D:\xampp\htdocs\warehouse\vendor\cakephp\cakephp\src\Controller\Controller.php(623): Cake\View\View->render(NULL, NULL)
#5 D:\xampp\htdocs\warehouse\vendor\cakephp\cakephp\src\Http\ActionDispatcher.php(125): Cake\Controller\Controller->render()
#6 D:\xampp\htdocs\warehouse\vendor\cakephp\cakephp\src\Http\ActionDispatcher.php(93): Cake\Http\ActionDispatcher->_invoke(Object(App\Controller\ProductsController))
#7 D:\xampp\htdocs\warehouse\vendor\cakephp\cakephp\src\Http\BaseApplication.php(103): Cake\Http\ActionDispatcher->dispatch(Object(Cake\Http\ServerRequest), Object(Cake\Http\Response))
#8 D:\xampp\htdocs\warehouse\vendor\cakephp\cakephp\src\Http\Runner.php(65): Cake\Http\BaseApplication->__invoke(Object(Cake\Http\ServerRequest), Object(Cake\Http\Response), Object(Cake\Http\Runner))
#9 D:\xampp\htdocs\warehouse\vendor\cakephp\cakephp\src\Routing\Middleware\RoutingMiddleware.php(107): Cake\Http\Runner->__invoke(Object(Cake\Http\ServerRequest), Object(Cake\Http\Response))
#10 D:\xampp\htdocs\warehouse\vendor\cakephp\cakephp\src\Http\Runner.php(65): Cake\Routing\Middleware\RoutingMiddleware->__invoke(Object(Cake\Http\ServerRequest), Object(Cake\Http\Response), Object(Cake\Http\Runner))
#11 D:\xampp\htdocs\warehouse\vendor\cakephp\cakephp\src\Routing\Middleware\AssetMiddleware.php(88): Cake\Http\Runner->__invoke(Object(Cake\Http\ServerRequest), Object(Cake\Http\Response))
#12 D:\xampp\htdocs\warehouse\vendor\cakephp\cakephp\src\Http\Runner.php(65): Cake\Routing\Middleware\AssetMiddleware->__invoke(Object(Cake\Http\ServerRequest), Object(Cake\Http\Response), Object(Cake\Http\Runner))
#13 D:\xampp\htdocs\warehouse\vendor\cakephp\cakephp\src\Error\Middleware\ErrorHandlerMiddleware.php(95): Cake\Http\Runner->__invoke(Object(Cake\Http\ServerRequest), Object(Cake\Http\Response))
#14 D:\xampp\htdocs\warehouse\vendor\cakephp\cakephp\src\Http\Runner.php(65): Cake\Error\Middleware\ErrorHandlerMiddleware->__invoke(Object(Cake\Http\ServerRequest), Object(Cake\Http\Response), Object(Cake\Http\Runner))
#15 D:\xampp\htdocs\warehouse\vendor\cakephp\debug_kit\src\Middleware\DebugKitMiddleware.php(52): Cake\Http\Runner->__invoke(Object(Cake\Http\ServerRequest), Object(Cake\Http\Response))
#16 D:\xampp\htdocs\warehouse\vendor\cakephp\cakephp\src\Http\Runner.php(65): DebugKit\Middleware\DebugKitMiddleware->__invoke(Object(Cake\Http\ServerRequest), Object(Cake\Http\Response), Object(Cake\Http\Runner))
#17 D:\xampp\htdocs\warehouse\vendor\cakephp\cakephp\src\Http\Runner.php(51): Cake\Http\Runner->__invoke(Object(Cake\Http\ServerRequest), Object(Cake\Http\Response))
#18 D:\xampp\htdocs\warehouse\vendor\cakephp\cakephp\src\Http\Server.php(81): Cake\Http\Runner->run(Object(Cake\Http\MiddlewareQueue), Object(Cake\Http\ServerRequest), Object(Cake\Http\Response))
#19 D:\xampp\htdocs\warehouse\webroot\index.php(40): Cake\Http\Server->run()
#20 {main}


